<?xml version="1.0" encoding="UTF-8"?>
<!-- Generated by org.testng.reporters.JUnitReportReporter -->
<testsuite hostname="REM-LT-210419C" failures="0" tests="1" name="exercises.Exercise1" time="7.580" errors="0" timestamp="21 May 2021 17:55:30 GMT" skipped="0">
  <testcase classname="exercises.Exercise1" name="testCase" time="7.580"/>
</testsuite> <!-- exercises.Exercise1 -->
